<?xml version="1.0" encoding="UTF-8"?>
<testng-results skipped="0" failed="0" total="0" passed="0">
  <reporter-output>
  </reporter-output>
  <suite name="Default suite" duration-ms="9526" started-at="2015-03-17T05:54:58Z" finished-at="2015-03-17T05:55:07Z">
    <groups>
    </groups>
    <test name="Default test" duration-ms="9526" started-at="2015-03-17T05:54:58Z" finished-at="2015-03-17T05:55:07Z">
      <class name="signup.BeautyandQuickView">
        <test-method status="PASS" signature="testSetUp()[pri:0, instance:signup.BeautyandQuickView@12a484c7]" name="testSetUp" is-config="true" duration-ms="9520" started-at="2015-03-17T11:24:58Z" finished-at="2015-03-17T11:25:07Z">
          <reporter-output>
          </reporter-output>
        </test-method> <!-- testSetUp -->
      </class> <!-- signup.BeautyandQuickView -->
    </test> <!-- Default test -->
  </suite> <!-- Default suite -->
</testng-results>
